Log file open, 09/28/20 13:43:59
LogInit: Display: Running engine for game: Project_Maximus
LogPlatformFile: Not using cached read wrapper
LogTaskGraph: Started task graph with 5 named threads and 23 total threads with 3 sets of task threads.
LogStats: Stats thread started at 1.056615
LogD3D11RHI: Loaded GFSDK_Aftermath_Lib.x64.dll
LogICUInternationalization: ICU TimeZone Detection - Raw Offset: -5:00, Platform Override: ''
LogPluginManager: Mounting plugin Paper2D
LogPluginManager: Mounting plugin AISupport
LogPluginManager: Mounting plugin LightPropagationVolume
LogPluginManager: Mounting plugin CameraShakePreviewer
LogPluginManager: Mounting plugin ActorLayerUtilities
LogPluginManager: Mounting plugin AnimationSharing
LogPluginManager: Mounting plugin CLionSourceCodeAccess
LogPluginManager: Mounting plugin CodeLiteSourceCodeAccess
LogPluginManager: Mounting plugin GitSourceControl
LogPluginManager: Mounting plugin KDevelopSourceCodeAccess
LogPluginManager: Mounting plugin NullSourceCodeAccess
LogPluginManager: Mounting plugin PerforceSourceControl
LogPluginManager: Mounting plugin PlasticSourceControl
LogPluginManager: Mounting plugin RiderSourceCodeAccess
LogPluginManager: Mounting plugin SubversionSourceControl
LogPluginManager: Mounting plugin UObjectPlugin
LogPluginManager: Mounting plugin VisualStudioCodeSourceCodeAccess
LogPluginManager: Mounting plugin VisualStudioSourceCodeAccess
LogPluginManager: Mounting plugin XCodeSourceCodeAccess
LogPluginManager: Mounting plugin AssetManagerEditor
LogPluginManager: Mounting plugin CryptoKeys
LogPluginManager: Mounting plugin CurveEditorTools
LogPluginManager: Mounting plugin DataValidation
LogPluginManager: Mounting plugin EditorScriptingUtilities
LogPluginManager: Mounting plugin FacialAnimation
LogPluginManager: Mounting plugin GameplayTagsEditor
LogPluginManager: Mounting plugin GeometryMode
LogPluginManager: Mounting plugin MacGraphicsSwitching
LogPluginManager: Mounting plugin MaterialAnalyzer
LogPluginManager: Mounting plugin MobileLauncherProfileWizard
LogPluginManager: Mounting plugin PluginBrowser
LogPluginManager: Mounting plugin SpeedTreeImporter
LogPluginManager: Mounting plugin DatasmithContent
LogPluginManager: Mounting plugin VariantManagerContent
LogPluginManager: Mounting plugin AlembicImporter
LogPluginManager: Mounting plugin AutomationUtils
LogPluginManager: Mounting plugin BackChannel
LogPluginManager: Mounting plugin ChaosCloth
LogPluginManager: Mounting plugin ChaosClothEditor
LogPluginManager: Mounting plugin ChaosEditor
LogPluginManager: Mounting plugin ChaosNiagara
LogPluginManager: Mounting plugin ChaosSolverPlugin
LogPluginManager: Mounting plugin CharacterAI
LogPluginManager: Mounting plugin GeometryCache
LogPluginManager: Mounting plugin GeometryCollectionPlugin
LogPluginManager: Mounting plugin GeometryProcessing
LogPluginManager: Mounting plugin PlanarCut
LogPluginManager: Mounting plugin PlatformCrypto
LogPluginManager: Mounting plugin ProxyLODPlugin
LogPluginManager: Mounting plugin SkeletalReduction
LogPluginManager: Mounting plugin Niagara
LogPluginManager: Mounting plugin MagicLeap
LogPluginManager: Mounting plugin MagicLeapLightEstimation
LogPluginManager: Mounting plugin MagicLeapMedia
LogPluginManager: Mounting plugin MagicLeapPassableWorld
LogPluginManager: Mounting plugin MLSDK
LogPluginManager: Mounting plugin AndroidMedia
LogPluginManager: Mounting plugin AvfMedia
LogPluginManager: Mounting plugin ImgMedia
LogPluginManager: Mounting plugin MediaCompositing
LogPluginManager: Mounting plugin MediaPlayerEditor
LogPluginManager: Mounting plugin WebMMedia
LogPluginManager: Mounting plugin WmfMedia
LogPluginManager: Mounting plugin MeshPainting
LogPluginManager: Mounting plugin TcpMessaging
LogPluginManager: Mounting plugin UdpMessaging
LogPluginManager: Mounting plugin ActorSequence
LogPluginManager: Mounting plugin LevelSequenceEditor
LogPluginManager: Mounting plugin MatineeToLevelSequence
LogPluginManager: Mounting plugin MovieRenderPipeline
LogPluginManager: Mounting plugin TemplateSequence
LogPluginManager: Mounting plugin NetcodeUnitTest
LogPluginManager: Mounting plugin NUTUnrealEngine4
LogPluginManager: Mounting plugin OnlineSubsystemGooglePlay
LogPluginManager: Mounting plugin OnlineSubsystemIOS
LogPluginManager: Mounting plugin OnlineSubsystem
LogPluginManager: Mounting plugin OnlineSubsystemNull
LogPluginManager: Mounting plugin OnlineSubsystemUtils
LogPluginManager: Mounting plugin LauncherChunkInstaller
LogPluginManager: Mounting plugin AndroidDeviceProfileSelector
LogPluginManager: Mounting plugin AndroidMoviePlayer
LogPluginManager: Mounting plugin AndroidPermission
LogPluginManager: Mounting plugin AppleImageUtils
LogPluginManager: Mounting plugin AppleMoviePlayer
LogPluginManager: Mounting plugin ArchVisCharacter
LogPluginManager: Mounting plugin AssetTags
LogPluginManager: Mounting plugin AudioCapture
LogPluginManager: Mounting plugin CableComponent
LogPluginManager: Mounting plugin CustomMeshComponent
LogPluginManager: Mounting plugin EditableMesh
LogPluginManager: Mounting plugin ExampleDeviceProfileSelector
LogPluginManager: Mounting plugin GoogleCloudMessaging
LogPluginManager: Mounting plugin GooglePAD
LogPluginManager: Mounting plugin IOSDeviceProfileSelector
LogPluginManager: Mounting plugin LinuxDeviceProfileSelector
LogPluginManager: Mounting plugin LocationServicesBPLibrary
LogPluginManager: Mounting plugin MobilePatchingUtils
LogPluginManager: Mounting plugin OculusVR
LogPluginManager: Mounting plugin PhysXVehicles
LogPluginManager: Mounting plugin PostSplashScreen
LogPluginManager: Mounting plugin ProceduralMeshComponent
LogPluginManager: Mounting plugin RuntimePhysXCooking
LogPluginManager: Mounting plugin SignificanceManager
LogPluginManager: Mounting plugin SoundFields
LogPluginManager: Mounting plugin SteamVR
LogPluginManager: Mounting plugin Synthesis
LogPluginManager: Mounting plugin WebMMoviePlayer
LogPluginManager: Mounting plugin WindowsMoviePlayer
LogPluginManager: Mounting plugin ScreenshotTools
LogInit: Using libcurl 7.55.1-DEV
LogInit:  - built for x86_64-pc-win32
LogInit:  - supports SSL with OpenSSL/1.1.1
LogInit:  - supports HTTP deflate (compression) using libz 1.2.8
LogInit:  - other features:
LogInit:      CURL_VERSION_SSL
LogInit:      CURL_VERSION_LIBZ
LogInit:      CURL_VERSION_IPV6
LogInit:      CURL_VERSION_ASYNCHDNS
LogInit:      CURL_VERSION_LARGEFILE
LogInit:      CURL_VERSION_IDN
LogInit:  CurlRequestOptions (configurable via config and command line):
LogInit:  - bVerifyPeer = true  - Libcurl will verify peer certificate
LogInit:  - bUseHttpProxy = false  - Libcurl will NOT use HTTP proxy
LogInit:  - bDontReuseConnections = false  - Libcurl will reuse connections
LogInit:  - MaxHostConnections = 16  - Libcurl will limit the number of connections to a host
LogInit:  - LocalHostAddr = Default
LogInit:  - BufferSize = 65536
LogOnline: OSS: Creating online subsystem instance for: NULL
LogInit: WinSock: version 1.1 (2.2), MaxSocks=32767, MaxUdp=65467
LogOnline: OSS: TryLoadSubsystemAndSetDefault: Loaded subsystem for module [NULL]
LogOculusPluginWrapper: OculusPlugin initialized successfully
LogHMD: Failed initializing OVRPlugin 1.44.0
LogInit: Build: ++UE4+Release-4.25-CL-13942748
LogInit: Engine Version: 4.25.3-13942748+++UE4+Release-4.25
LogInit: Compatible Engine Version: 4.25.0-13144385+++UE4+Release-4.25
LogInit: Net CL: 13144385
LogInit: OS: Windows 10 (Release 2004) (), CPU: Intel(R) Core(TM) i7 CPU         960  @ 3.20GHz, GPU: NVIDIA GeForce GTX 1650
LogInit: Compiled (64-bit): Jul 25 2020 02:07:48
LogInit: Compiled with Visual C++: 19.24.28315.00
LogInit: Build Configuration: Development
LogInit: Branch Name: ++UE4+Release-4.25
LogInit: Command Line: 
LogInit: Base Directory: C:/Program Files/Epic Games/UE_4.25/Engine/Binaries/Win64/
LogInit: Allocator: TBB
LogInit: Installed Engine Build: 1
LogDevObjectVersion: Number of dev versions registered: 26
LogDevObjectVersion:   Dev-Blueprints (B0D832E4-1F89-4F0D-ACCF-7EB736FD4AA2): 10
LogDevObjectVersion:   Dev-Build (E1C64328-A22C-4D53-A36C-8E866417BD8C): 0
LogDevObjectVersion:   Dev-Core (375EC13C-06E4-48FB-B500-84F0262A717E): 4
LogDevObjectVersion:   Dev-Editor (E4B068ED-F494-42E9-A231-DA0B2E46BB41): 38
LogDevObjectVersion:   Dev-Framework (CFFC743F-43B0-4480-9391-14DF171D2073): 37
LogDevObjectVersion:   Dev-Mobile (B02B49B5-BB20-44E9-A304-32B752E40360): 2
LogDevObjectVersion:   Dev-Networking (A4E4105C-59A1-49B5-A7C5-40C4547EDFEE): 0
LogDevObjectVersion:   Dev-Online (39C831C9-5AE6-47DC-9A44-9C173E1C8E7C): 0
LogDevObjectVersion:   Dev-Physics (78F01B33-EBEA-4F98-B9B4-84EACCB95AA2): 4
LogDevObjectVersion:   Dev-Platform (6631380F-2D4D-43E0-8009-CF276956A95A): 0
LogDevObjectVersion:   Dev-Rendering (12F88B9F-8875-4AFC-A67C-D90C383ABD29): 43
LogDevObjectVersion:   Dev-Sequencer (7B5AE74C-D270-4C10-A958-57980B212A5A): 12
LogDevObjectVersion:   Dev-VR (D7296918-1DD6-4BDD-9DE2-64A83CC13884): 3
LogDevObjectVersion:   Dev-LoadTimes (C2A15278-BFE7-4AFE-6C17-90FF531DF755): 1
LogDevObjectVersion:   Private-Geometry (6EACA3D4-40EC-4CC1-B786-8BED09428FC5): 3
LogDevObjectVersion:   Dev-AnimPhys (29E575DD-E0A3-4627-9D10-D276232CDCEA): 17
LogDevObjectVersion:   Dev-Anim (AF43A65D-7FD3-4947-9873-3E8ED9C1BB05): 7
LogDevObjectVersion:   Dev-ReflectionCapture (6B266CEC-1EC7-4B8F-A30B-E4D90942FC07): 1
LogDevObjectVersion:   Dev-Automation (0DF73D61-A23F-47EA-B727-89E90C41499A): 1
LogDevObjectVersion:   FortniteMain (601D1886-AC64-4F84-AA16-D3DE0DEAC7D6): 31
LogDevObjectVersion:   Dev-Enterprise (9DFFBCD6-494F-0158-E221-12823C92A888): 10
LogDevObjectVersion:   Dev-Niagara (F2AED0AC-9AFE-416F-8664-AA7FFA26D6FC): 1
LogDevObjectVersion:   Dev-Destruction (174F1F0B-B4C6-45A5-B13F-2EE8D0FB917D): 10
LogDevObjectVersion:   Dev-Physics-Ext (35F94A83-E258-406C-A318-09F59610247C): 37
LogDevObjectVersion:   Dev-PhysicsMaterial-Chaos (B68FC16E-8B1B-42E2-B453-215C058844FE): 1
LogDevObjectVersion:   Dev-CineCamera (B2E18506-4273-CFC2-A54E-F4BB758BBA07): 1
LogInit: Presizing for max 25165824 objects, including 0 objects not considered by GC, pre-allocating 0 bytes for permanent pool.
LogConfig: Applying CVar settings from Section [/Script/Engine.StreamingSettings] File [D:/UE4-Git/Project-Maximus/Project_Maximus/Saved/Config/Windows/Engine.ini]
LogConfig: Setting CVar [[s.MinBulkDataSizeForAsyncLoading:131072]]
LogConfig: Setting CVar [[s.AsyncLoadingThreadEnabled:0]]
LogConfig: Setting CVar [[s.EventDrivenLoaderEnabled:1]]
LogConfig: Setting CVar [[s.WarnIfTimeLimitExceeded:0]]
LogConfig: Setting CVar [[s.TimeLimitExceededMultiplier:1.5]]
LogConfig: Setting CVar [[s.TimeLimitExceededMinTime:0.005]]
LogConfig: Setting CVar [[s.UseBackgroundLevelStreaming:1]]
LogConfig: Setting CVar [[s.PriorityAsyncLoadingExtraTime:15.0]]
LogConfig: Setting CVar [[s.LevelStreamingActorsUpdateTimeLimit:5.0]]
LogConfig: Setting CVar [[s.PriorityLevelStreamingActorsUpdateExtraTime:5.0]]
LogConfig: Setting CVar [[s.LevelStreamingComponentsRegistrationGranularity:10]]
LogConfig: Setting CVar [[s.UnregisterComponentsTimeLimit:1.0]]
LogConfig: Setting CVar [[s.LevelStreamingComponentsUnregistrationGranularity:5]]
LogConfig: Setting CVar [[s.FlushStreamingOnExit:1]]
LogInit: Object subsystem initialized
LogConfig: Setting CVar [[con.DebugEarlyDefault:1]]
LogConfig: Setting CVar [[r.setres:1280x720]]
[2020.09.28-17.44.01:425][  0]LogConfig: Setting CVar [[r.VSync:0]]
[2020.09.28-17.44.01:425][  0]LogConfig: Setting CVar [[r.RHICmdBypass:0]]
[2020.09.28-17.44.01:425][  0]LogConfig: Applying CVar settings from Section [/Script/Engine.RendererSettings] File [D:/UE4-Git/Project-Maximus/Project_Maximus/Saved/Config/Windows/Engine.ini]
[2020.09.28-17.44.01:425][  0]LogConfig: Setting CVar [[r.GPUCrashDebugging:0]]
[2020.09.28-17.44.01:425][  0]LogConfig: Applying CVar settings from Section [/Script/Engine.RendererOverrideSettings] File [D:/UE4-Git/Project-Maximus/Project_Maximus/Saved/Config/Windows/Engine.ini]
[2020.09.28-17.44.01:425][  0]LogConfig: Applying CVar settings from Section [/Script/Engine.StreamingSettings] File [D:/UE4-Git/Project-Maximus/Project_Maximus/Saved/Config/Windows/Engine.ini]
[2020.09.28-17.44.01:425][  0]LogConfig: Setting CVar [[s.MinBulkDataSizeForAsyncLoading:131072]]
[2020.09.28-17.44.01:425][  0]LogConfig: Setting CVar [[s.AsyncLoadingThreadEnabled:0]]
[2020.09.28-17.44.01:425][  0]LogConfig: Setting CVar [[s.EventDrivenLoaderEnabled:1]]
[2020.09.28-17.44.01:425][  0]LogConfig: Setting CVar [[s.WarnIfTimeLimitExceeded:0]]
[2020.09.28-17.44.01:425][  0]LogConfig: Setting CVar [[s.TimeLimitExceededMultiplier:1.5]]
[2020.09.28-17.44.01:425][  0]LogConfig: Setting CVar [[s.TimeLimitExceededMinTime:0.005]]
[2020.09.28-17.44.01:425][  0]LogConfig: Setting CVar [[s.UseBackgroundLevelStreaming:1]]
[2020.09.28-17.44.01:425][  0]LogConfig: Setting CVar [[s.PriorityAsyncLoadingExtraTime:15.0]]
[2020.09.28-17.44.01:425][  0]LogConfig: Setting CVar [[s.LevelStreamingActorsUpdateTimeLimit:5.0]]
[2020.09.28-17.44.01:425][  0]LogConfig: Setting CVar [[s.PriorityLevelStreamingActorsUpdateExtraTime:5.0]]
[2020.09.28-17.44.01:425][  0]LogConfig: Setting CVar [[s.LevelStreamingComponentsRegistrationGranularity:10]]
[2020.09.28-17.44.01:425][  0]LogConfig: Setting CVar [[s.UnregisterComponentsTimeLimit:1.0]]
[2020.09.28-17.44.01:425][  0]LogConfig: Setting CVar [[s.LevelStreamingComponentsUnregistrationGranularity:5]]
[2020.09.28-17.44.01:425][  0]LogConfig: Setting CVar [[s.FlushStreamingOnExit:1]]
[2020.09.28-17.44.01:425][  0]LogConfig: Applying CVar settings from Section [/Script/Engine.GarbageCollectionSettings] File [D:/UE4-Git/Project-Maximus/Project_Maximus/Saved/Config/Windows/Engine.ini]
[2020.09.28-17.44.01:425][  0]LogConfig: Setting CVar [[gc.MaxObjectsNotConsideredByGC:1]]
[2020.09.28-17.44.01:425][  0]LogConfig: Setting CVar [[gc.SizeOfPermanentObjectPool:0]]
[2020.09.28-17.44.01:425][  0]LogConfig: Setting CVar [[gc.FlushStreamingOnGC:0]]
[2020.09.28-17.44.01:426][  0]LogConfig: Setting CVar [[gc.NumRetriesBeforeForcingGC:10]]
[2020.09.28-17.44.01:426][  0]LogConfig: Setting CVar [[gc.AllowParallelGC:1]]
[2020.09.28-17.44.01:426][  0]LogConfig: Setting CVar [[gc.TimeBetweenPurgingPendingKillObjects:61.1]]
[2020.09.28-17.44.01:426][  0]LogConfig: Setting CVar [[gc.MaxObjectsInEditor:25165824]]
[2020.09.28-17.44.01:426][  0]LogConfig: Setting CVar [[gc.IncrementalBeginDestroyEnabled:1]]
[2020.09.28-17.44.01:426][  0]LogConfig: Setting CVar [[gc.CreateGCClusters:1]]
[2020.09.28-17.44.01:426][  0]LogConfig: Setting CVar [[gc.MinGCClusterSize:5]]
[2020.09.28-17.44.01:426][  0]LogConfig: Setting CVar [[gc.ActorClusteringEnabled:0]]
[2020.09.28-17.44.01:426][  0]LogConfig: Setting CVar [[gc.BlueprintClusteringEnabled:0]]
[2020.09.28-17.44.01:426][  0]LogConfig: Setting CVar [[gc.UseDisregardForGCOnDedicatedServers:0]]
[2020.09.28-17.44.01:426][  0]LogConfig: Applying CVar settings from Section [/Script/Engine.NetworkSettings] File [D:/UE4-Git/Project-Maximus/Project_Maximus/Saved/Config/Windows/Engine.ini]
[2020.09.28-17.44.01:426][  0]LogConfig: Applying CVar settings from Section [/Script/UnrealEd.CookerSettings] File [D:/UE4-Git/Project-Maximus/Project_Maximus/Saved/Config/Windows/Engine.ini]
[2020.09.28-17.44.01:430][  0]LogConfig: Applying CVar settings from Section [ViewDistanceQuality@3] File [D:/UE4-Git/Project-Maximus/Project_Maximus/Saved/Config/Windows/Scalability.ini]
[2020.09.28-17.44.01:430][  0]LogConfig: Setting CVar [[r.SkeletalMeshLODBias:0]]
[2020.09.28-17.44.01:430][  0]LogConfig: Setting CVar [[r.ViewDistanceScale:1.0]]
[2020.09.28-17.44.01:430][  0]LogConfig: Applying CVar settings from Section [AntiAliasingQuality@3] File [D:/UE4-Git/Project-Maximus/Project_Maximus/Saved/Config/Windows/Scalability.ini]
[2020.09.28-17.44.01:432][  0]LogConfig: Setting CVar [[r.PostProcessAAQuality:4]]
[2020.09.28-17.44.01:432][  0]LogConfig: Applying CVar settings from Section [ShadowQuality@3] File [D:/UE4-Git/Project-Maximus/Project_Maximus/Saved/Config/Windows/Scalability.ini]
[2020.09.28-17.44.01:432][  0]LogConfig: Setting CVar [[r.LightFunctionQuality:1]]
[2020.09.28-17.44.01:432][  0]LogConfig: Setting CVar [[r.ShadowQuality:5]]
[2020.09.28-17.44.01:432][  0]LogConfig: Setting CVar [[r.Shadow.CSM.MaxCascades:10]]
[2020.09.28-17.44.01:432][  0]LogConfig: Setting CVar [[r.Shadow.MaxResolution:2048]]
[2020.09.28-17.44.01:432][  0]LogConfig: Setting CVar [[r.Shadow.MaxCSMResolution:2048]]
[2020.09.28-17.44.01:432][  0]LogConfig: Setting CVar [[r.Shadow.RadiusThreshold:0.01]]
[2020.09.28-17.44.01:432][  0]LogConfig: Setting CVar [[r.Shadow.DistanceScale:1.0]]
[2020.09.28-17.44.01:432][  0]LogConfig: Setting CVar [[r.Shadow.CSM.TransitionScale:1.0]]
[2020.09.28-17.44.01:432][  0]LogConfig: Setting CVar [[r.Shadow.PreShadowResolutionFactor:1.0]]
[2020.09.28-17.44.01:432][  0]LogConfig: Setting CVar [[r.DistanceFieldShadowing:1]]
[2020.09.28-17.44.01:432][  0]LogConfig: Setting CVar [[r.DistanceFieldAO:1]]
[2020.09.28-17.44.01:432][  0]LogConfig: Setting CVar [[r.AOQuality:2]]
[2020.09.28-17.44.01:432][  0]LogConfig: Setting CVar [[r.VolumetricFog:1]]
[2020.09.28-17.44.01:432][  0]LogConfig: Setting CVar [[r.VolumetricFog.GridPixelSize:8]]
[2020.09.28-17.44.01:432][  0]LogConfig: Setting CVar [[r.VolumetricFog.GridSizeZ:128]]
[2020.09.28-17.44.01:432][  0]LogConfig: Setting CVar [[r.VolumetricFog.HistoryMissSupersampleCount:4]]
[2020.09.28-17.44.01:432][  0]LogConfig: Setting CVar [[r.LightMaxDrawDistanceScale:1]]
[2020.09.28-17.44.01:432][  0]LogConfig: Setting CVar [[r.CapsuleShadows:1]]
[2020.09.28-17.44.01:432][  0]LogConfig: Applying CVar settings from Section [PostProcessQuality@3] File [D:/UE4-Git/Project-Maximus/Project_Maximus/Saved/Config/Windows/Scalability.ini]
[2020.09.28-17.44.01:432][  0]LogConfig: Setting CVar [[r.MotionBlurQuality:4]]
[2020.09.28-17.44.01:432][  0]LogConfig: Setting CVar [[r.AmbientOcclusionMipLevelFactor:0.4]]
[2020.09.28-17.44.01:432][  0]LogConfig: Setting CVar [[r.AmbientOcclusionMaxQuality:100]]
[2020.09.28-17.44.01:432][  0]LogConfig: Setting CVar [[r.AmbientOcclusionLevels:-1]]
[2020.09.28-17.44.01:432][  0]LogConfig: Setting CVar [[r.AmbientOcclusionRadiusScale:1.0]]
[2020.09.28-17.44.01:432][  0]LogConfig: Setting CVar [[r.DepthOfFieldQuality:2]]
[2020.09.28-17.44.01:432][  0]LogConfig: Setting CVar [[r.RenderTargetPoolMin:400]]
[2020.09.28-17.44.01:432][  0]LogConfig: Setting CVar [[r.LensFlareQuality:2]]
[2020.09.28-17.44.01:432][  0]LogConfig: Setting CVar [[r.SceneColorFringeQuality:1]]
[2020.09.28-17.44.01:432][  0]LogConfig: Setting CVar [[r.EyeAdaptationQuality:2]]
[2020.09.28-17.44.01:432][  0]LogConfig: Setting CVar [[r.BloomQuality:5]]
[2020.09.28-17.44.01:432][  0]LogConfig: Setting CVar [[r.FastBlurThreshold:100]]
[2020.09.28-17.44.01:433][  0]LogConfig: Setting CVar [[r.Upscale.Quality:3]]
[2020.09.28-17.44.01:433][  0]LogConfig: Setting CVar [[r.Tonemapper.GrainQuantization:1]]
[2020.09.28-17.44.01:433][  0]LogConfig: Setting CVar [[r.LightShaftQuality:1]]
[2020.09.28-17.44.01:433][  0]LogConfig: Setting CVar [[r.Filter.SizeScale:1]]
[2020.09.28-17.44.01:433][  0]LogConfig: Setting CVar [[r.Tonemapper.Quality:5]]
[2020.09.28-17.44.01:433][  0]LogConfig: Setting CVar [[r.DOF.Gather.AccumulatorQuality:1        ; higher gathering accumulator quality]]
[2020.09.28-17.44.01:433][  0]LogConfig: Setting CVar [[r.DOF.Gather.PostfilterMethod:1          ; Median3x3 postfilering method]]
[2020.09.28-17.44.01:433][  0]LogConfig: Setting CVar [[r.DOF.Gather.EnableBokehSettings:0       ; no bokeh simulation when gathering]]
[2020.09.28-17.44.01:433][  0]LogConfig: Setting CVar [[r.DOF.Gather.RingCount:4                 ; medium number of samples when gathering]]
[2020.09.28-17.44.01:433][  0]LogConfig: Setting CVar [[r.DOF.Scatter.ForegroundCompositing:1    ; additive foreground scattering]]
[2020.09.28-17.44.01:433][  0]LogConfig: Setting CVar [[r.DOF.Scatter.BackgroundCompositing:2    ; additive background scattering]]
[2020.09.28-17.44.01:433][  0]LogConfig: Setting CVar [[r.DOF.Scatter.EnableBokehSettings:1      ; bokeh simulation when scattering]]
[2020.09.28-17.44.01:433][  0]LogConfig: Setting CVar [[r.DOF.Scatter.MaxSpriteRatio:0.1         ; only a maximum of 10% of scattered bokeh]]
[2020.09.28-17.44.01:433][  0]LogConfig: Setting CVar [[r.DOF.Recombine.Quality:1                ; cheap slight out of focus]]
[2020.09.28-17.44.01:433][  0]LogConfig: Setting CVar [[r.DOF.Recombine.EnableBokehSettings:0    ; no bokeh simulation on slight out of focus]]
[2020.09.28-17.44.01:433][  0]LogConfig: Setting CVar [[r.DOF.TemporalAAQuality:1                ; more stable temporal accumulation]]
[2020.09.28-17.44.01:433][  0]LogConfig: Setting CVar [[r.DOF.Kernel.MaxForegroundRadius:0.025]]
[2020.09.28-17.44.01:433][  0]LogConfig: Setting CVar [[r.DOF.Kernel.MaxBackgroundRadius:0.025]]
[2020.09.28-17.44.01:434][  0]LogConfig: Applying CVar settings from Section [TextureQuality@3] File [D:/UE4-Git/Project-Maximus/Project_Maximus/Saved/Config/Windows/Scalability.ini]
[2020.09.28-17.44.01:434][  0]LogConfig: Setting CVar [[r.Streaming.MipBias:0]]
[2020.09.28-17.44.01:434][  0]LogConfig: Setting CVar [[r.Streaming.AmortizeCPUToGPUCopy:0]]
[2020.09.28-17.44.01:434][  0]LogConfig: Setting CVar [[r.Streaming.MaxNumTexturesToStreamPerFrame:0]]
[2020.09.28-17.44.01:434][  0]LogConfig: Setting CVar [[r.Streaming.Boost:1]]
[2020.09.28-17.44.01:434][  0]LogConfig: Setting CVar [[r.MaxAnisotropy:8]]
[2020.09.28-17.44.01:434][  0]LogConfig: Setting CVar [[r.VT.MaxAnisotropy:8]]
[2020.09.28-17.44.01:434][  0]LogConfig: Setting CVar [[r.Streaming.LimitPoolSizeToVRAM:0]]
[2020.09.28-17.44.01:434][  0]LogConfig: Setting CVar [[r.Streaming.PoolSize:1000]]
[2020.09.28-17.44.01:434][  0]LogConfig: Setting CVar [[r.Streaming.MaxEffectiveScreenSize:0]]
[2020.09.28-17.44.01:434][  0]LogConfig: Applying CVar settings from Section [EffectsQuality@3] File [D:/UE4-Git/Project-Maximus/Project_Maximus/Saved/Config/Windows/Scalability.ini]
[2020.09.28-17.44.01:434][  0]LogConfig: Setting CVar [[r.TranslucencyLightingVolumeDim:64]]
[2020.09.28-17.44.01:434][  0]LogConfig: Setting CVar [[r.RefractionQuality:2]]
[2020.09.28-17.44.01:434][  0]LogConfig: Setting CVar [[r.SSR.Quality:3]]
[2020.09.28-17.44.01:434][  0]LogConfig: Setting CVar [[r.SSR.HalfResSceneColor:0]]
[2020.09.28-17.44.01:434][  0]LogConfig: Setting CVar [[r.SceneColorFormat:4]]
[2020.09.28-17.44.01:434][  0]LogConfig: Setting CVar [[r.DetailMode:2]]
[2020.09.28-17.44.01:434][  0]LogConfig: Setting CVar [[r.TranslucencyVolumeBlur:1]]
[2020.09.28-17.44.01:434][  0]LogConfig: Setting CVar [[r.MaterialQualityLevel:1 ; High quality]]
[2020.09.28-17.44.01:434][  0]LogConfig: Setting CVar [[r.SSS.Scale:1]]
[2020.09.28-17.44.01:435][  0]LogConfig: Setting CVar [[r.SSS.SampleSet:2]]
[2020.09.28-17.44.01:435][  0]LogConfig: Setting CVar [[r.SSS.Quality:1]]
[2020.09.28-17.44.01:435][  0]LogConfig: Setting CVar [[r.SSS.HalfRes:0]]
[2020.09.28-17.44.01:435][  0]LogConfig: Setting CVar [[r.SSGI.Quality:3]]
[2020.09.28-17.44.01:435][  0]LogConfig: Setting CVar [[r.EmitterSpawnRateScale:1.0]]
[2020.09.28-17.44.01:435][  0]LogConfig: Setting CVar [[r.ParticleLightQuality:2]]
[2020.09.28-17.44.01:435][  0]LogConfig: Setting CVar [[r.SkyAtmosphere.AerialPerspectiveLUT.FastApplyOnOpaque:1 ; Always have FastSkyLUT 1 in this case to avoid wrong sky]]
[2020.09.28-17.44.01:435][  0]LogConfig: Setting CVar [[r.SkyAtmosphere.AerialPerspectiveLUT.SampleCountPerSlice:1]]
[2020.09.28-17.44.01:435][  0]LogConfig: Setting CVar [[r.SkyAtmosphere.AerialPerspectiveLUT.DepthResolution:16.0]]
[2020.09.28-17.44.01:435][  0]LogConfig: Setting CVar [[r.SkyAtmosphere.FastSkyLUT:1]]
[2020.09.28-17.44.01:435][  0]LogConfig: Setting CVar [[r.SkyAtmosphere.FastSkyLUT.SampleCountMin:4.0]]
[2020.09.28-17.44.01:435][  0]LogConfig: Setting CVar [[r.SkyAtmosphere.FastSkyLUT.SampleCountMax:32.0]]
[2020.09.28-17.44.01:435][  0]LogConfig: Setting CVar [[r.SkyAtmosphere.SampleCountMin:4.0]]
[2020.09.28-17.44.01:435][  0]LogConfig: Setting CVar [[r.SkyAtmosphere.SampleCountMax:32.0]]
[2020.09.28-17.44.01:435][  0]LogConfig: Setting CVar [[r.SkyAtmosphere.TransmittanceLUT.UseSmallFormat:0]]
[2020.09.28-17.44.01:435][  0]LogConfig: Setting CVar [[r.SkyAtmosphere.TransmittanceLUT.SampleCount:10.0]]
[2020.09.28-17.44.01:435][  0]LogConfig: Setting CVar [[r.SkyAtmosphere.MultiScatteringLUT.SampleCount:15.0]]
[2020.09.28-17.44.01:435][  0]LogConfig: Applying CVar settings from Section [FoliageQuality@3] File [D:/UE4-Git/Project-Maximus/Project_Maximus/Saved/Config/Windows/Scalability.ini]
[2020.09.28-17.44.01:435][  0]LogConfig: Setting CVar [[foliage.DensityScale:1.0]]
[2020.09.28-17.44.01:435][  0]LogConfig: Setting CVar [[grass.DensityScale:1.0]]
[2020.09.28-17.44.01:436][  0]LogConfig: Applying CVar settings from Section [ShadingQuality@3] File [D:/UE4-Git/Project-Maximus/Project_Maximus/Saved/Config/Windows/Scalability.ini]
[2020.09.28-17.44.01:436][  0]LogConfig: Setting CVar [[r.HairStrands.SkyLighting.SampleCount:16]]
[2020.09.28-17.44.01:436][  0]LogConfig: Setting CVar [[r.HairStrands.SkyLighting.JitterIntegration:0]]
[2020.09.28-17.44.01:436][  0]LogConfig: Setting CVar [[r.HairStrands.SkyAO.SampleCount:16]]
[2020.09.28-17.44.01:436][  0]LogConfig: Setting CVar [[r.HairStrands.DeepShadow.SuperSampling:0]]
[2020.09.28-17.44.01:436][  0]LogConfig: Setting CVar [[r.HairStrands.VisibilityPPLL:0]]
[2020.09.28-17.44.01:436][  0]LogConfig: Setting CVar [[r.HairStrands.RasterizationScale:0.5]]
[2020.09.28-17.44.01:436][  0]LogConfig: Setting CVar [[r.HairStrands.VelocityRasterizationScale:1]]
[2020.09.28-17.44.01:436][  0]LogInit: Selected Device Profile: [Windows]
[2020.09.28-17.44.01:436][  0]LogInit: Applying CVar settings loaded from the selected device profile: [Windows]
[2020.09.28-17.44.01:437][  0]LogHAL: Display: Platform has ~ 8 GB [8580415488 / 8589934592 / 8], which maps to Default [LargestMinGB=32, LargerMinGB=12, DefaultMinGB=8, SmallerMinGB=6, SmallestMinGB=0)
[2020.09.28-17.44.01:438][  0]LogInit: Going up to parent DeviceProfile []
[2020.09.28-17.44.01:438][  0]LogConfig: Applying CVar settings from Section [ViewDistanceQuality@3] File [D:/UE4-Git/Project-Maximus/Project_Maximus/Saved/Config/Windows/Scalability.ini]
[2020.09.28-17.44.01:438][  0]LogConfig: Setting CVar [[r.SkeletalMeshLODBias:0]]
[2020.09.28-17.44.01:438][  0]LogConfig: Setting CVar [[r.ViewDistanceScale:1.0]]
[2020.09.28-17.44.01:438][  0]LogConfig: Applying CVar settings from Section [AntiAliasingQuality@3] File [D:/UE4-Git/Project-Maximus/Project_Maximus/Saved/Config/Windows/Scalability.ini]
[2020.09.28-17.44.01:438][  0]LogConfig: Setting CVar [[r.PostProcessAAQuality:4]]
[2020.09.28-17.44.01:438][  0]LogConfig: Applying CVar settings from Section [ShadowQuality@3] File [D:/UE4-Git/Project-Maximus/Project_Maximus/Saved/Config/Windows/Scalability.ini]
[2020.09.28-17.44.01:438][  0]LogConfig: Setting CVar [[r.LightFunctionQuality:1]]
[2020.09.28-17.44.01:438][  0]LogConfig: Setting CVar [[r.ShadowQuality:5]]
[2020.09.28-17.44.01:438][  0]LogConfig: Setting CVar [[r.Shadow.CSM.MaxCascades:10]]
[2020.09.28-17.44.01:438][  0]LogConfig: Setting CVar [[r.Shadow.MaxResolution:2048]]
[2020.09.28-17.44.01:439][  0]LogConfig: Setting CVar [[r.Shadow.MaxCSMResolution:2048]]
[2020.09.28-17.44.01:439][  0]LogConfig: Setting CVar [[r.Shadow.RadiusThreshold:0.01]]
[2020.09.28-17.44.01:439][  0]LogConfig: Setting CVar [[r.Shadow.DistanceScale:1.0]]
[2020.09.28-17.44.01:439][  0]LogConfig: Setting CVar [[r.Shadow.CSM.TransitionScale:1.0]]
[2020.09.28-17.44.01:439][  0]LogConfig: Setting CVar [[r.Shadow.PreShadowResolutionFactor:1.0]]
[2020.09.28-17.44.01:439][  0]LogConfig: Setting CVar [[r.DistanceFieldShadowing:1]]
[2020.09.28-17.44.01:439][  0]LogConfig: Setting CVar [[r.DistanceFieldAO:1]]
[2020.09.28-17.44.01:439][  0]LogConfig: Setting CVar [[r.AOQuality:2]]
[2020.09.28-17.44.01:439][  0]LogConfig: Setting CVar [[r.VolumetricFog:1]]
[2020.09.28-17.44.01:439][  0]LogConfig: Setting CVar [[r.VolumetricFog.GridPixelSize:8]]
[2020.09.28-17.44.01:439][  0]LogConfig: Setting CVar [[r.VolumetricFog.GridSizeZ:128]]
[2020.09.28-17.44.01:439][  0]LogConfig: Setting CVar [[r.VolumetricFog.HistoryMissSupersampleCount:4]]
[2020.09.28-17.44.01:439][  0]LogConfig: Setting CVar [[r.LightMaxDrawDistanceScale:1]]
[2020.09.28-17.44.01:439][  0]LogConfig: Setting CVar [[r.CapsuleShadows:1]]
[2020.09.28-17.44.01:439][  0]LogConfig: Applying CVar settings from Section [PostProcessQuality@3] File [D:/UE4-Git/Project-Maximus/Project_Maximus/Saved/Config/Windows/Scalability.ini]
[2020.09.28-17.44.01:439][  0]LogConfig: Setting CVar [[r.MotionBlurQuality:4]]
[2020.09.28-17.44.01:439][  0]LogConfig: Setting CVar [[r.AmbientOcclusionMipLevelFactor:0.4]]
[2020.09.28-17.44.01:439][  0]LogConfig: Setting CVar [[r.AmbientOcclusionMaxQuality:100]]
[2020.09.28-17.44.01:439][  0]LogConfig: Setting CVar [[r.AmbientOcclusionLevels:-1]]
[2020.09.28-17.44.01:439][  0]LogConfig: Setting CVar [[r.AmbientOcclusionRadiusScale:1.0]]
[2020.09.28-17.44.01:440][  0]LogConfig: Setting CVar [[r.DepthOfFieldQuality:2]]
[2020.09.28-17.44.01:440][  0]LogConfig: Setting CVar [[r.RenderTargetPoolMin:400]]
[2020.09.28-17.44.01:440][  0]LogConfig: Setting CVar [[r.LensFlareQuality:2]]
[2020.09.28-17.44.01:440][  0]LogConfig: Setting CVar [[r.SceneColorFringeQuality:1]]
[2020.09.28-17.44.01:440][  0]LogConfig: Setting CVar [[r.EyeAdaptationQuality:2]]
[2020.09.28-17.44.01:440][  0]LogConfig: Setting CVar [[r.BloomQuality:5]]
[2020.09.28-17.44.01:440][  0]LogConfig: Setting CVar [[r.FastBlurThreshold:100]]
[2020.09.28-17.44.01:440][  0]LogConfig: Setting CVar [[r.Upscale.Quality:3]]
[2020.09.28-17.44.01:440][  0]LogConfig: Setting CVar [[r.Tonemapper.GrainQuantization:1]]
[2020.09.28-17.44.01:440][  0]LogConfig: Setting CVar [[r.LightShaftQuality:1]]
[2020.09.28-17.44.01:440][  0]LogConfig: Setting CVar [[r.Filter.SizeScale:1]]
[2020.09.28-17.44.01:440][  0]LogConfig: Setting CVar [[r.Tonemapper.Quality:5]]
[2020.09.28-17.44.01:440][  0]LogConfig: Setting CVar [[r.DOF.Gather.AccumulatorQuality:1        ; higher gathering accumulator quality]]
[2020.09.28-17.44.01:440][  0]LogConfig: Setting CVar [[r.DOF.Gather.PostfilterMethod:1          ; Median3x3 postfilering method]]
[2020.09.28-17.44.01:440][  0]LogConfig: Setting CVar [[r.DOF.Gather.EnableBokehSettings:0       ; no bokeh simulation when gathering]]
[2020.09.28-17.44.01:440][  0]LogConfig: Setting CVar [[r.DOF.Gather.RingCount:4                 ; medium number of samples when gathering]]
[2020.09.28-17.44.01:440][  0]LogConfig: Setting CVar [[r.DOF.Scatter.ForegroundCompositing:1    ; additive foreground scattering]]
[2020.09.28-17.44.01:440][  0]LogConfig: Setting CVar [[r.DOF.Scatter.BackgroundCompositing:2    ; additive background scattering]]
[2020.09.28-17.44.01:440][  0]LogConfig: Setting CVar [[r.DOF.Scatter.EnableBokehSettings:1      ; bokeh simulation when scattering]]
[2020.09.28-17.44.01:440][  0]LogConfig: Setting CVar [[r.DOF.Scatter.MaxSpriteRatio:0.1         ; only a maximum of 10% of scattered bokeh]]
[2020.09.28-17.44.01:441][  0]LogConfig: Setting CVar [[r.DOF.Recombine.Quality:1                ; cheap slight out of focus]]
[2020.09.28-17.44.01:441][  0]LogConfig: Setting CVar [[r.DOF.Recombine.EnableBokehSettings:0    ; no bokeh simulation on slight out of focus]]
[2020.09.28-17.44.01:441][  0]LogConfig: Setting CVar [[r.DOF.TemporalAAQuality:1                ; more stable temporal accumulation]]
[2020.09.28-17.44.01:441][  0]LogConfig: Setting CVar [[r.DOF.Kernel.MaxForegroundRadius:0.025]]
[2020.09.28-17.44.01:441][  0]LogConfig: Setting CVar [[r.DOF.Kernel.MaxBackgroundRadius:0.025]]
[2020.09.28-17.44.01:441][  0]LogConfig: Applying CVar settings from Section [TextureQuality@3] File [D:/UE4-Git/Project-Maximus/Project_Maximus/Saved/Config/Windows/Scalability.ini]
[2020.09.28-17.44.01:441][  0]LogConfig: Setting CVar [[r.Streaming.MipBias:0]]
[2020.09.28-17.44.01:441][  0]LogConfig: Setting CVar [[r.Streaming.AmortizeCPUToGPUCopy:0]]
[2020.09.28-17.44.01:441][  0]LogConfig: Setting CVar [[r.Streaming.MaxNumTexturesToStreamPerFrame:0]]
[2020.09.28-17.44.01:441][  0]LogConfig: Setting CVar [[r.Streaming.Boost:1]]
[2020.09.28-17.44.01:441][  0]LogConfig: Setting CVar [[r.MaxAnisotropy:8]]
[2020.09.28-17.44.01:441][  0]LogConfig: Setting CVar [[r.VT.MaxAnisotropy:8]]
[2020.09.28-17.44.01:441][  0]LogConfig: Setting CVar [[r.Streaming.LimitPoolSizeToVRAM:0]]
[2020.09.28-17.44.01:441][  0]LogConfig: Setting CVar [[r.Streaming.PoolSize:1000]]
[2020.09.28-17.44.01:441][  0]LogConfig: Setting CVar [[r.Streaming.MaxEffectiveScreenSize:0]]
[2020.09.28-17.44.01:441][  0]LogConfig: Applying CVar settings from Section [EffectsQuality@3] File [D:/UE4-Git/Project-Maximus/Project_Maximus/Saved/Config/Windows/Scalability.ini]
[2020.09.28-17.44.01:441][  0]LogConfig: Setting CVar [[r.TranslucencyLightingVolumeDim:64]]
[2020.09.28-17.44.01:441][  0]LogConfig: Setting CVar [[r.RefractionQuality:2]]
[2020.09.28-17.44.01:441][  0]LogConfig: Setting CVar [[r.SSR.Quality:3]]
[2020.09.28-17.44.01:441][  0]LogConfig: Setting CVar [[r.SSR.HalfResSceneColor:0]]
[2020.09.28-17.44.01:441][  0]LogConfig: Setting CVar [[r.SceneColorFormat:4]]
[2020.09.28-17.44.01:442][  0]LogConfig: Setting CVar [[r.DetailMode:2]]
[2020.09.28-17.44.01:442][  0]LogConfig: Setting CVar [[r.TranslucencyVolumeBlur:1]]
[2020.09.28-17.44.01:442][  0]LogConfig: Setting CVar [[r.MaterialQualityLevel:1 ; High quality]]
[2020.09.28-17.44.01:442][  0]LogConfig: Setting CVar [[r.SSS.Scale:1]]
[2020.09.28-17.44.01:442][  0]LogConfig: Setting CVar [[r.SSS.SampleSet:2]]
[2020.09.28-17.44.01:442][  0]LogConfig: Setting CVar [[r.SSS.Quality:1]]
[2020.09.28-17.44.01:442][  0]LogConfig: Setting CVar [[r.SSS.HalfRes:0]]
[2020.09.28-17.44.01:442][  0]LogConfig: Setting CVar [[r.SSGI.Quality:3]]
[2020.09.28-17.44.01:442][  0]LogConfig: Setting CVar [[r.EmitterSpawnRateScale:1.0]]
[2020.09.28-17.44.01:442][  0]LogConfig: Setting CVar [[r.ParticleLightQuality:2]]
[2020.09.28-17.44.01:442][  0]LogConfig: Setting CVar [[r.SkyAtmosphere.AerialPerspectiveLUT.FastApplyOnOpaque:1 ; Always have FastSkyLUT 1 in this case to avoid wrong sky]]
[2020.09.28-17.44.01:442][  0]LogConfig: Setting CVar [[r.SkyAtmosphere.AerialPerspectiveLUT.SampleCountPerSlice:1]]
[2020.09.28-17.44.01:442][  0]LogConfig: Setting CVar [[r.SkyAtmosphere.AerialPerspectiveLUT.DepthResolution:16.0]]
[2020.09.28-17.44.01:442][  0]LogConfig: Setting CVar [[r.SkyAtmosphere.FastSkyLUT:1]]
[2020.09.28-17.44.01:442][  0]LogConfig: Setting CVar [[r.SkyAtmosphere.FastSkyLUT.SampleCountMin:4.0]]
[2020.09.28-17.44.01:442][  0]LogConfig: Setting CVar [[r.SkyAtmosphere.FastSkyLUT.SampleCountMax:32.0]]
[2020.09.28-17.44.01:442][  0]LogConfig: Setting CVar [[r.SkyAtmosphere.SampleCountMin:4.0]]
[2020.09.28-17.44.01:442][  0]LogConfig: Setting CVar [[r.SkyAtmosphere.SampleCountMax:32.0]]
[2020.09.28-17.44.01:442][  0]LogConfig: Setting CVar [[r.SkyAtmosphere.TransmittanceLUT.UseSmallFormat:0]]
[2020.09.28-17.44.01:442][  0]LogConfig: Setting CVar [[r.SkyAtmosphere.TransmittanceLUT.SampleCount:10.0]]
[2020.09.28-17.44.01:442][  0]LogConfig: Setting CVar [[r.SkyAtmosphere.MultiScatteringLUT.SampleCount:15.0]]
[2020.09.28-17.44.01:444][  0]LogConfig: Applying CVar settings from Section [FoliageQuality@3] File [D:/UE4-Git/Project-Maximus/Project_Maximus/Saved/Config/Windows/Scalability.ini]
[2020.09.28-17.44.01:444][  0]LogConfig: Setting CVar [[foliage.DensityScale:1.0]]
[2020.09.28-17.44.01:444][  0]LogConfig: Setting CVar [[grass.DensityScale:1.0]]
[2020.09.28-17.44.01:444][  0]LogConfig: Applying CVar settings from Section [ShadingQuality@3] File [D:/UE4-Git/Project-Maximus/Project_Maximus/Saved/Config/Windows/Scalability.ini]
[2020.09.28-17.44.01:444][  0]LogConfig: Setting CVar [[r.HairStrands.SkyLighting.SampleCount:16]]
[2020.09.28-17.44.01:444][  0]LogConfig: Setting CVar [[r.HairStrands.SkyLighting.JitterIntegration:0]]
[2020.09.28-17.44.01:444][  0]LogConfig: Setting CVar [[r.HairStrands.SkyAO.SampleCount:16]]
[2020.09.28-17.44.01:444][  0]LogConfig: Setting CVar [[r.HairStrands.DeepShadow.SuperSampling:0]]
[2020.09.28-17.44.01:444][  0]LogConfig: Setting CVar [[r.HairStrands.VisibilityPPLL:0]]
[2020.09.28-17.44.01:444][  0]LogConfig: Setting CVar [[r.HairStrands.RasterizationScale:0.5]]
[2020.09.28-17.44.01:444][  0]LogConfig: Setting CVar [[r.HairStrands.VelocityRasterizationScale:1]]
[2020.09.28-17.44.01:444][  0]LogConfig: Applying CVar settings from Section [Startup] File [../../../Engine/Config/ConsoleVariables.ini]
[2020.09.28-17.44.01:445][  0]LogConfig: Setting CVar [[net.UseAdaptiveNetUpdateFrequency:0]]
[2020.09.28-17.44.01:445][  0]LogConfig: Setting CVar [[p.chaos.AllowCreatePhysxBodies:1]]
[2020.09.28-17.44.01:445][  0]LogConfig: Setting CVar [[fx.SkipVectorVMBackendOptimizations:1]]
[2020.09.28-17.44.01:445][  0]LogConfig: Applying CVar settings from Section [ConsoleVariables] File [D:/UE4-Git/Project-Maximus/Project_Maximus/Saved/Config/Windows/Engine.ini]
[2020.09.28-17.44.01:446][  0]LogInit: Computer: DESKTOP-ETL2N6P
[2020.09.28-17.44.01:446][  0]LogInit: User: maddo
[2020.09.28-17.44.01:447][  0]LogInit: CPU Page size=4096, Cores=4
[2020.09.28-17.44.01:447][  0]LogInit: High frequency timer resolution =10.000000 MHz
[2020.09.28-17.44.01:447][  0]LogMemory: Memory total: Physical=8.0GB (8GB approx)
[2020.09.28-17.44.01:448][  0]LogMemory: Platform Memory Stats for Windows
[2020.09.28-17.44.01:448][  0]LogMemory: Process Physical Memory: 117.93 MB used, 117.94 MB peak
[2020.09.28-17.44.01:448][  0]LogMemory: Process Virtual Memory: 99.62 MB used, 99.62 MB peak
[2020.09.28-17.44.01:448][  0]LogMemory: Physical Memory: 7032.39 MB used,  1150.53 MB free, 8182.92 MB total
[2020.09.28-17.44.01:448][  0]LogMemory: Virtual Memory: 5151.96 MB used,  134212576.00 MB free, 134217728.00 MB total
[2020.09.28-17.44.01:459][  0]LogWindows: WindowsPlatformFeatures enabled
[2020.09.28-17.44.01:610][  0]LogInit: Physics initialised using underlying interface: PhysX
[2020.09.28-17.44.01:613][  0]LogInit: Using OS detected language (en-US).
[2020.09.28-17.44.01:614][  0]LogInit: Using OS detected locale (en-US).
[2020.09.28-17.44.01:653][  0]LogTextLocalizationManager: No specific localization for 'en-US' exists, so the 'en' localization will be used.
[2020.09.28-17.44.02:247][  0]LogInit: Setting process to per monitor DPI aware
[2020.09.28-17.44.02:334][  0]LogSlate: New Slate User Created.  User Index 0, Is Virtual User: 0
[2020.09.28-17.44.02:334][  0]LogSlate: Slate User Registered.  User Index 0, Is Virtual User: 0
[2020.09.28-17.44.03:071][  0]LogHMD: Failed to initialize OpenVR with code 126
[2020.09.28-17.44.03:071][  0]LogD3D11RHI: D3D11 min allowed feature level: 11_0
[2020.09.28-17.44.03:071][  0]LogD3D11RHI: D3D11 max allowed feature level: 11_0
[2020.09.28-17.44.03:071][  0]LogD3D11RHI: D3D11 adapters:
[2020.09.28-17.44.03:265][  0]LogD3D11RHI:    0. 'NVIDIA GeForce GTX 1650' (Feature Level 11_0)
[2020.09.28-17.44.03:265][  0]LogD3D11RHI:       3962/0/4091 MB DedicatedVideo/DedicatedSystem/SharedSystem, Outputs:1, VendorId:0x10de
[2020.09.28-17.44.03:272][  0]LogD3D11RHI:    1. 'Microsoft Basic Render Driver' (Feature Level 11_0)
[2020.09.28-17.44.03:272][  0]LogD3D11RHI:       0/0/4091 MB DedicatedVideo/DedicatedSystem/SharedSystem, Outputs:0, VendorId:0x1414
[2020.09.28-17.44.03:272][  0]LogD3D11RHI: Chosen D3D11 Adapter: 0
[2020.09.28-17.44.03:287][  0]LogD3D11RHI: Creating new Direct3DDevice
[2020.09.28-17.44.03:287][  0]LogD3D11RHI:     GPU DeviceId: 0x1f82 (for the marketing name, search the web for "GPU Device Id")
[2020.09.28-17.44.03:287][  0]LogWindows: EnumDisplayDevices:
[2020.09.28-17.44.03:287][  0]LogWindows:    0. 'NVIDIA GeForce GTX 1650' (P:1 D:1)
[2020.09.28-17.44.03:288][  0]LogWindows:    1. 'NVIDIA GeForce GTX 1650' (P:0 D:0)
[2020.09.28-17.44.03:289][  0]LogWindows: DebugString: FoundDriverCount:2 
[2020.09.28-17.44.03:289][  0]LogD3D11RHI:     Adapter Name: NVIDIA GeForce GTX 1650
[2020.09.28-17.44.03:289][  0]LogD3D11RHI:   Driver Version: 452.06 (internal:27.21.14.5206, unified:452.06)
[2020.09.28-17.44.03:289][  0]LogD3D11RHI:      Driver Date: 8-12-2020
[2020.09.28-17.44.03:289][  0]LogRHI: Texture pool is 2773 MB (70% of 3962 MB)
[2020.09.28-17.44.03:409][  0]LogD3D11RHI: RHI has support for 64 bit atomics
[2020.09.28-17.44.03:416][  0]LogD3D11RHI: [Aftermath] Enabled and primed
[2020.09.28-17.44.03:416][  0]LogD3D11RHI: Async texture creation enabled
[2020.09.28-17.44.03:416][  0]LogD3D11RHI: Array index from any shader is supported
[2020.09.28-17.44.03:486][  0]LogD3D11RHI: GPU Timing Frequency: 1000.000000 (Debug: 2 1)
[2020.09.28-17.44.04:706][  0]LogTargetPlatformManager: Display: Loaded TargetPlatform 'AllDesktop'
[2020.09.28-17.44.04:816][  0]LogTargetPlatformManager: Display: Loaded TargetPlatform 'Android'
[2020.09.28-17.44.04:816][  0]LogTargetPlatformManager: Display: Loaded TargetPlatform 'Android_ASTC'
[2020.09.28-17.44.04:816][  0]LogTargetPlatformManager: Display: Loaded TargetPlatform 'Android_DXT'
[2020.09.28-17.44.04:817][  0]LogTargetPlatformManager: Display: Loaded TargetPlatform 'Android_ETC2'
[2020.09.28-17.44.04:817][  0]LogTargetPlatformManager: Display: Loaded TargetPlatform 'AndroidClient'
[2020.09.28-17.44.04:817][  0]LogTargetPlatformManager: Display: Loaded TargetPlatform 'Android_ASTCClient'
[2020.09.28-17.44.04:817][  0]LogTargetPlatformManager: Display: Loaded TargetPlatform 'Android_DXTClient'
[2020.09.28-17.44.04:817][  0]LogTargetPlatformManager: Display: Loaded TargetPlatform 'Android_ETC2Client'
[2020.09.28-17.44.04:817][  0]LogTargetPlatformManager: Display: Loaded TargetPlatform 'Android_Multi'
[2020.09.28-17.44.04:819][  0]LogTargetPlatformManager: Display: Loaded TargetPlatform 'Android_MultiClient'
[2020.09.28-17.44.04:910][  0]LogTargetPlatformManager: Display: Loaded TargetPlatform 'IOSClient'
[2020.09.28-17.44.04:910][  0]LogTargetPlatformManager: Display: Loaded TargetPlatform 'IOS'
[2020.09.28-17.44.04:944][  0]LogTargetPlatformManager: Display: Loaded TargetPlatform 'Linux'
[2020.09.28-17.44.04:974][  0]LogTargetPlatformManager: Display: Loaded TargetPlatform 'LinuxNoEditor'
[2020.09.28-17.44.05:003][  0]LogTargetPlatformManager: Display: Loaded TargetPlatform 'LinuxClient'
[2020.09.28-17.44.05:028][  0]LogTargetPlatformManager: Display: Loaded TargetPlatform 'LinuxServer'
[2020.09.28-17.44.05:063][  0]LogTargetPlatformManager: Display: Loaded TargetPlatform 'LinuxAArch64NoEditor'
[2020.09.28-17.44.05:095][  0]LogTargetPlatformManager: Display: Loaded TargetPlatform 'LinuxAArch64Client'
[2020.09.28-17.44.05:122][  0]LogTargetPlatformManager: Display: Loaded TargetPlatform 'LinuxAArch64Server'
[2020.09.28-17.44.05:220][  0]LogTargetPlatformManager: Display: Loaded TargetPlatform 'Lumin'
[2020.09.28-17.44.05:220][  0]LogTargetPlatformManager: Display: Loaded TargetPlatform 'LuminClient'
[2020.09.28-17.44.05:268][  0]LogTargetPlatformManager: Display: Loaded TargetPlatform 'TVOSClient'
[2020.09.28-17.44.05:268][  0]LogTargetPlatformManager: Display: Loaded TargetPlatform 'TVOS'
[2020.09.28-17.44.05:296][  0]LogTargetPlatformManager: Display: Loaded TargetPlatform 'WindowsNoEditor'
[2020.09.28-17.44.05:329][  0]LogTargetPlatformManager: Display: Loaded TargetPlatform 'Windows'
[2020.09.28-17.44.05:363][  0]LogTargetPlatformManager: Display: Loaded TargetPlatform 'WindowsClient'
[2020.09.28-17.44.05:405][  0]LogTargetPlatformManager: Display: Loaded TargetPlatform 'WindowsServer'
[2020.09.28-17.44.05:405][  0]LogTargetPlatformManager: Display: Building Assets For Windows
[2020.09.28-17.44.05:445][  0]LogAudioDebug: Display: Lib vorbis DLL was dynamically loaded.
[2020.09.28-17.44.05:933][  0]LogShaderCompilers: Guid format shader working directory is 3 characters bigger than the processId version (D:/UE4-Git/Project-Maximus/Project_Maximus/Intermediate/Shaders/WorkingDirectory/15336/).
[2020.09.28-17.44.05:934][  0]LogShaderCompilers: Cleaned the shader compiler working directory 'C:/Users/maddo/AppData/Local/Temp/UnrealShaderWorkingDir/4B38EAD74BAB7D0CF0BD00B968D0E1A6/'.
[2020.09.28-17.44.05:937][  0]LogXGEController: Cannot use XGE Controller as Incredibuild is not installed on this machine.
[2020.09.28-17.44.05:937][  0]LogShaderCompilers: Cannot use XGE Shader Compiler as Incredibuild is not installed on this machine.
[2020.09.28-17.44.05:937][  0]LogShaderCompilers: Display: Using Local Shader Compiler.
[2020.09.28-17.44.08:884][  0]LogDerivedDataCache: Display: Max Cache Size: 512 MB
[2020.09.28-17.44.09:326][  0]LogDerivedDataCache: Loaded boot cache 0.44s 79MB C:/Users/maddo/AppData/Local/UnrealEngine/4.25/DerivedDataCache/Boot.ddc.
[2020.09.28-17.44.09:326][  0]LogDerivedDataCache: Display: Loaded Boot cache: C:/Users/maddo/AppData/Local/UnrealEngine/4.25/DerivedDataCache/Boot.ddc
[2020.09.28-17.44.09:326][  0]LogDerivedDataCache: FDerivedDataBackendGraph:  Pak pak cache file D:/UE4-Git/Project-Maximus/Project_Maximus/DerivedDataCache/DDC.ddp not found, will not use a pak cache.
[2020.09.28-17.44.09:326][  0]LogDerivedDataCache: Unable to find inner node Pak for hierarchical cache Hierarchy.
[2020.09.28-17.44.09:326][  0]LogDerivedDataCache: FDerivedDataBackendGraph:  CompressedPak pak cache file D:/UE4-Git/Project-Maximus/Project_Maximus/DerivedDataCache/Compressed.ddp not found, will not use a pak cache.
[2020.09.28-17.44.09:327][  0]LogDerivedDataCache: Unable to find inner node CompressedPak for hierarchical cache Hierarchy.
[2020.09.28-17.44.09:360][  0]LogDerivedDataCache: Display: Pak cache opened for reading ../../../Engine/DerivedDataCache/Compressed.ddp.
[2020.09.28-17.44.09:360][  0]LogDerivedDataCache: FDerivedDataBackendGraph:  EnterprisePak pak cache file ../../../Enterprise/DerivedDataCache/Compressed.ddp not found, will not use a pak cache.
[2020.09.28-17.44.09:361][  0]LogDerivedDataCache: Unable to find inner node EnterprisePak for hierarchical cache Hierarchy.
[2020.09.28-17.44.09:364][  0]LogDerivedDataCache: Using Local data cache path C:/Users/maddo/AppData/Local/UnrealEngine/Common/DerivedDataCache: Writable
[2020.09.28-17.44.09:364][  0]LogDerivedDataCache: Shared data cache path not found in *engine.ini, will not use an Shared cache.
[2020.09.28-17.44.09:364][  0]LogDerivedDataCache: Unable to find inner node Shared for hierarchical cache Hierarchy.
[2020.09.28-17.44.09:572][  0]LogSlate: Using FreeType 2.10.0
[2020.09.28-17.44.09:579][  0]LogSlate: SlateFontServices - WITH_FREETYPE: 1, WITH_HARFBUZZ: 1
[2020.09.28-17.44.09:686][  0]LogAssetRegistry: FAssetRegistry took 0.0085 seconds to start up
[2020.09.28-17.44.11:004][  0]LogInit: Selected Device Profile: [Windows]
[2020.09.28-17.44.11:576][  0]LogMeshReduction: Using QuadricMeshReduction for automatic static mesh reduction
[2020.09.28-17.44.11:576][  0]LogMeshReduction: Using SimplygonMeshReduction for automatic skeletal mesh reduction
[2020.09.28-17.44.11:576][  0]LogMeshReduction: Using ProxyLODMeshReduction for automatic mesh merging
[2020.09.28-17.44.11:576][  0]LogMeshReduction: No distributed automatic mesh merging module available
[2020.09.28-17.44.11:579][  0]LogMeshMerging: No distributed automatic mesh merging module available
[2020.09.28-17.44.11:644][  0]LogNetVersion: Project_Maximus 1.0.0, NetCL: 13144385, EngineNetVer: 14, GameNetVer: 0 (Checksum: 895698406)
[2020.09.28-17.44.14:211][  0]LogAISub: UAISubsystem::UAISubsystem AISubsystem (00000167FF41A9C0), frame # 0
[2020.09.28-17.44.14:211][  0]LogAISub: UAISubsystem::UAISubsystem AIPerceptionSystem (000001678036C2C0), frame # 0
[2020.09.28-17.44.14:223][  0]LogAISub: UAISubsystem::UAISubsystem EnvQueryManager (0000016780385C00), frame # 0
[2020.09.28-17.44.14:414][  0]LogPackageLocalizationCache: Processed 19 localized package path(s) for 1 prioritized culture(s) in 0.109460 seconds
[2020.09.28-17.44.14:431][  0]LogUObjectArray: 15917 objects as part of root set at end of initial load.
[2020.09.28-17.44.14:431][  0]LogUObjectAllocator: 3965568 out of 0 bytes used by permanent object pool.
[2020.09.28-17.44.14:431][  0]LogUObjectArray: CloseDisregardForGC: 0/0 objects in disregard for GC pool
[2020.09.28-17.44.16:821][  0]LogTcpMessaging: Initializing TcpMessaging bridge
[2020.09.28-17.44.16:839][  0]LogUdpMessaging: Initializing bridge on interface 0.0.0.0:0 to multicast group 230.0.0.1:6666.
[2020.09.28-17.44.17:237][  0]SourceControl: Source control is disabled
[2020.09.28-17.44.17:238][  0]SourceControl: Source control is disabled
[2020.09.28-17.44.17:260][  0]SourceControl: Source control is disabled
[2020.09.28-17.44.17:277][  0]SourceControl: Source control is disabled
[2020.09.28-17.44.17:307][  0]SourceControl: Source control is disabled
[2020.09.28-17.44.18:432][  0]LogAndroidPermission: UAndroidPermissionCallbackProxy::GetInstance
[2020.09.28-17.44.18:510][  0]LogAudioCaptureCore: Display: No Audio Capture implementations found. Audio input will be silent.
[2020.09.28-17.44.18:510][  0]LogAudioCaptureCore: Display: No Audio Capture implementations found. Audio input will be silent.
[2020.09.28-17.44.18:925][  0]LogOcInput: OculusInput pre-init called
[2020.09.28-17.44.21:123][  0]LogEngine: Initializing Engine...
[2020.09.28-17.44.21:273][  0]LogHMD: Failed to initialize OpenVR with code 119
[2020.09.28-17.44.21:274][  0]LogMagicLeap: Warning: VR disabled because ZI is not enabled.  To enable, in the editor, Edit -> Project Settings -> Plugins -> Magic Leap Plugin -> Enable Zero Iteration
[2020.09.28-17.44.21:282][  0]LogStats: UGameplayTagsManager::InitializeManager -  0.003 s
[2020.09.28-17.44.21:758][  0]LogInit: Initializing FReadOnlyCVARCache
[2020.09.28-17.44.21:817][  0]LogAIModule: Creating AISystem for world Untitled
[2020.09.28-17.44.21:817][  0]LogAISub: UAISubsystem::UAISubsystem EnvQueryManager (0000016783517C00), frame # 0
[2020.09.28-17.44.21:817][  0]LogAISub: UAISubsystem::UAISubsystem AIPerceptionSystem (0000016783523B00), frame # 0
[2020.09.28-17.44.21:836][  0]LogAudioMixer: Display: Audio Mixer Platform Settings:
[2020.09.28-17.44.21:836][  0]LogAudioMixer: Display: 	Sample Rate:						  48000
[2020.09.28-17.44.21:836][  0]LogAudioMixer: Display: 	Callback Buffer Frame Size Requested: 1024
[2020.09.28-17.44.21:836][  0]LogAudioMixer: Display: 	Callback Buffer Frame Size To Use:	  1024
[2020.09.28-17.44.21:836][  0]LogAudioMixer: Display: 	Number of buffers to queue:			  2
[2020.09.28-17.44.21:836][  0]LogAudioMixer: Display: 	Max Channels (voices):				  32
[2020.09.28-17.44.21:836][  0]LogAudioMixer: Display: 	Number of Async Source Workers:		  0
[2020.09.28-17.44.21:836][  0]LogAudio: Display: AudioDevice MaxSources: 32
[2020.09.28-17.44.21:837][  0]LogAudio: Display: Using built-in audio occlusion.
[2020.09.28-17.44.21:837][  0]LogAudioMixer: Display: Initializing audio mixer.
[2020.09.28-17.44.21:890][  0]LogAudioMixer: Display: 0: FrontLeft
[2020.09.28-17.44.21:890][  0]LogAudioMixer: Display: 1: FrontRight
[2020.09.28-17.44.21:967][  0]LogAudioMixer: Display: Using Audio Device Speakers (High Definition Audio Device)
[2020.09.28-17.44.21:971][  0]LogAudioMixer: Display: Initializing Sound Submixes...
[2020.09.28-17.44.21:977][  0]LogAudioMixer: Display: Creating Master Submix 'MasterSubmixDefault'
[2020.09.28-17.44.21:977][  0]LogAudioMixer: Display: Creating Master Submix 'MasterReverbSubmixDefault'
[2020.09.28-17.44.21:979][  0]LogAudioMixer: Display: Creating Master Submix 'MasterEQSubmixDefault'
[2020.09.28-17.44.21:981][  0]LogInit: FAudioDevice initialized.
[2020.09.28-17.44.21:983][  0]LogNetVersion: Set ProjectVersion to 1.0.0.0. Version Checksum will be recalculated on next use.
[2020.09.28-17.44.22:130][  0]LogDerivedDataCache: Saved boot cache 0.15s 79MB C:/Users/maddo/AppData/Local/UnrealEngine/4.25/DerivedDataCache/Boot.ddc.
[2020.09.28-17.44.22:132][  0]LogInit: Texture streaming: Enabled
[2020.09.28-17.44.22:195][  0]LogEngineSessionManager: EngineSessionManager initialized
[2020.09.28-17.44.22:195][  0]LogEditorSessionSummary: Verbose: Initializing EditorSessionSummaryWriter for editor session tracking
[2020.09.28-17.44.22:216][  0]LogEditorSessionSummary: EditorSessionSummaryWriter initialized
[2020.09.28-17.44.22:318][  0]LogInit: Transaction tracking system initialized
[2020.09.28-17.44.22:403][  0]BlueprintLog: New page: Editor Load
[2020.09.28-17.44.22:898][  0]LocalizationService: Localization service is disabled
[2020.09.28-17.44.23:570][  0]LogCook: Display: Max memory allowance for cook 16384mb min free memory 0mb
[2020.09.28-17.44.23:571][  0]LogCook: Display: Mobile HDR setting 1
[2020.09.28-17.44.24:045][  0]LogFileCache: Scanning file cache for directory 'D:/UE4-Git/Project-Maximus/Project_Maximus/Content/' took 0.17s
[2020.09.28-17.44.24:652][  0]SourceControl: Source control is disabled
[2020.09.28-17.44.24:652][  0]LogUnrealEdMisc: Loading editor; pre map load, took 33.755
[2020.09.28-17.44.24:653][  0]Cmd: MAP LOAD FILE="D:/UE4-Git/Project-Maximus/Project_Maximus/Content/StarterContent/Maps/Minimal_Default.umap" TEMPLATE=0 SHOWPROGRESS=1 FEATURELEVEL=3
[2020.09.28-17.44.24:669][  0]LightingResults: New page: Lighting Build
[2020.09.28-17.44.24:678][  0]LogWorld: UWorld::CleanupWorld for Untitled, bSessionEnded=true, bCleanupResources=true
[2020.09.28-17.44.24:678][  0]LogSlate: InvalidateAllWidgets triggered.  All widgets were invalidated
[2020.09.28-17.44.24:679][  0]MapCheck: New page: Map Check
[2020.09.28-17.44.24:679][  0]LightingResults: New page: Lighting Build
[2020.09.28-17.44.24:696][  0]LogAISub: UAISubsystem::~UAISubsystem EnvQueryManager (0000016783517C00), frame # 0
[2020.09.28-17.44.24:697][  0]LogAISub: UAISubsystem::~UAISubsystem AIPerceptionSystem (0000016783523B00), frame # 0
[2020.09.28-17.44.24:699][  0]LogUObjectHash: Compacting FUObjectHashTables data took   1.74ms
[2020.09.28-17.44.25:544][  0]LogAIModule: Creating AISystem for world Minimal_Default
[2020.09.28-17.44.25:545][  0]LogAISub: UAISubsystem::UAISubsystem EnvQueryManager (000001679101F800), frame # 0
[2020.09.28-17.44.25:545][  0]LogAISub: UAISubsystem::UAISubsystem AIPerceptionSystem (0000016783C2BEC0), frame # 0
[2020.09.28-17.44.25:582][  0]LogEditorServer: Finished looking for orphan Actors (0.001 secs)
[2020.09.28-17.44.25:607][  0]LogUObjectHash: Compacting FUObjectHashTables data took   2.62ms
[2020.09.28-17.44.25:609][  0]Cmd: MAP CHECKDEP NOCLEARLOG
[2020.09.28-17.44.25:612][  0]MapCheck: Map check complete: 0 Error(s), 0 Warning(s), took 1.238ms to complete.
[2020.09.28-17.44.25:612][  0]LogFileHelpers: Loading map 'Minimal_Default' took 0.959
[2020.09.28-17.44.25:689][  0]LogUnrealEdMisc: Total Editor Startup Time, took 34.792
[2020.09.28-17.44.25:992][  0]LogSlate: Updating window title bar state: overlay mode, drag disabled, window buttons hidden, title bar hidden
[2020.09.28-17.44.26:011][  0]LogSlate: Updating window title bar state: overlay mode, drag disabled, window buttons hidden, title bar hidden
[2020.09.28-17.44.26:025][  0]LogSlate: Updating window title bar state: overlay mode, drag disabled, window buttons hidden, title bar hidden
[2020.09.28-17.44.26:041][  0]LogSlate: Updating window title bar state: overlay mode, drag disabled, window buttons hidden, title bar hidden
[2020.09.28-17.44.26:090][  0]LogCollectionManager: Loaded 0 collections in 0.018393 seconds
[2020.09.28-17.44.26:198][  0]LogFileCache: Scanning file cache for directory 'D:/UE4-Git/Project-Maximus/Project_Maximus/Saved/Collections/' took 0.00s
[2020.09.28-17.44.26:198][  0]LogFileCache: Scanning file cache for directory 'D:/UE4-Git/Project-Maximus/Project_Maximus/Content/Developers/maddo/Collections/' took 0.00s
[2020.09.28-17.44.26:198][  0]LogFileCache: Scanning file cache for directory 'D:/UE4-Git/Project-Maximus/Project_Maximus/Content/Collections/' took 0.00s
[2020.09.28-17.44.26:198][  0]LogContentBrowser: Native class hierarchy populated in 0.0430 seconds. Added 3427 classes and 821 folders.
[2020.09.28-17.44.26:235][  0]LogContentBrowser: Native class hierarchy updated for 'WidgetCarousel' in 0.0009 seconds. Added 0 classes and 0 folders.
[2020.09.28-17.44.26:672][  0]LogContentBrowser: Native class hierarchy updated for 'AddContentDialog' in 0.0007 seconds. Added 0 classes and 0 folders.
[2020.09.28-17.44.26:690][  0]LogContentBrowser: Native class hierarchy updated for 'SceneOutliner' in 0.0006 seconds. Added 2 classes and 0 folders.
[2020.09.28-17.44.28:072][  0]LogSlate: Took 0.002799 seconds to synchronously load lazily loaded font '../../../Engine/Content/Slate/Fonts/Roboto-Regular.ttf' (155K)
[2020.09.28-17.44.28:080][  0]LogSlate: Took 0.002147 seconds to synchronously load lazily loaded font '../../../Engine/Content/Slate/Fonts/Roboto-Bold.ttf' (160K)
[2020.09.28-17.44.28:094][  0]LogSlate: Took 0.001394 seconds to synchronously load lazily loaded font '../../../Engine/Content/Editor/Slate/Fonts/FontAwesome.ttf' (139K)
[2020.09.28-17.44.28:265][  0]LogRenderer: Reallocating scene render targets to support 1208x748 Format 10 NumSamples 1 (Frame:1).
[2020.09.28-17.44.28:479][  0]LogContentBrowser: Native class hierarchy updated for 'HierarchicalLODOutliner' in 0.0004 seconds. Added 0 classes and 0 folders.
[2020.09.28-17.44.28:480][  0]LogLoad: (Engine Initialization) Total time: 37.58 seconds
[2020.09.28-17.44.28:480][  0]LogLoad: (Engine Initialization) Total Blueprint compile time: 0.00 seconds
[2020.09.28-17.44.28:601][  0]LogContentStreaming: Texture pool size now 1000 MB
[2020.09.28-17.44.28:696][  0]LogSlate: Took 0.001854 seconds to synchronously load lazily loaded font '../../../Engine/Content/Slate/Fonts/Roboto-Light.ttf' (167K)
[2020.09.28-17.44.28:778][  1]LogAssetRegistry: Asset discovery search completed in 19.0957 seconds
[2020.09.28-17.44.28:788][  1]LogCollectionManager: Fixed up redirectors for 0 collections in 0.000363 seconds (updated 0 objects)
[2020.09.28-17.44.31:151][ 94]LogSlate: Took 0.000473 seconds to synchronously load lazily loaded font '../../../Engine/Content/Slate/Fonts/Roboto-Light.ttf' (167K)
[2020.09.28-17.44.31:213][ 94]LogUObjectHash: Compacting FUObjectHashTables data took   2.11ms
[2020.09.28-17.44.31:322][ 94]LogSavePackage: Moving 'D:/UE4-Git/Project-Maximus/Project_Maximus/Saved/Minimal_Default5034231F4A2E25B24E1572893C7A9042.tmp' to 'D:/UE4-Git/Project-Maximus/Project_Maximus/Content/StarterContent/Maps/Minimal_Default.umap'
[2020.09.28-17.44.31:521][ 94]LogSavePackage: Moving 'D:/UE4-Git/Project-Maximus/Project_Maximus/Saved/Minimal_Default_BuiltData7C90D6F14036B5AD76D99CBDEEA5640C.tmp' to 'D:/UE4-Git/Project-Maximus/Project_Maximus/Content/StarterContent/Maps/Minimal_Default_BuiltData.uasset'
[2020.09.28-17.44.31:544][ 94]AssetCheck: New page: Asset Save: multiple assets
[2020.09.28-17.44.31:544][ 94]LogContentValidation: Display: Validating World /Game/StarterContent/Maps/Minimal_Default.Minimal_Default
[2020.09.28-17.44.31:544][ 94]LogContentValidation: Display: Validating MapBuildDataRegistry /Game/StarterContent/Maps/Minimal_Default_BuiltData.Minimal_Default_BuiltData
[2020.09.28-17.44.32:099][126]LogTemp: Repeating last play command: New Editor Window (PIE)
[2020.09.28-17.44.32:129][126]LogPlayLevel: PlayLevel: No blueprints needed recompiling
[2020.09.28-17.44.32:134][126]PIE: New page: PIE session: Minimal_Default (Sep 28, 2020, 9:44:32 AM)
[2020.09.28-17.44.32:138][126]LogOnline: OSS: Creating online subsystem instance for: NULL
[2020.09.28-17.44.32:141][126]LogOnline: OSS: TryLoadSubsystemAndSetDefault: Loaded subsystem for module [NULL]
[2020.09.28-17.44.32:141][126]LogPlayLevel: Creating play world package: /Game/StarterContent/Maps/UEDPIE_0_Minimal_Default
[2020.09.28-17.44.32:155][126]LogPlayLevel: PIE: StaticDuplicateObject took: (0.013850s)
[2020.09.28-17.44.32:157][126]LogAIModule: Creating AISystem for world Minimal_Default
[2020.09.28-17.44.32:157][126]LogAISub: UAISubsystem::UAISubsystem EnvQueryManager (00000167A409CA00), frame # 126
[2020.09.28-17.44.32:157][126]LogAISub: UAISubsystem::UAISubsystem AIPerceptionSystem (0000016791056D40), frame # 126
[2020.09.28-17.44.32:158][126]LogPlayLevel: PIE: World Init took: (0.002608s)
[2020.09.28-17.44.32:158][126]LogPlayLevel: PIE: Created PIE world by copying editor world from /Game/StarterContent/Maps/Minimal_Default.Minimal_Default to /Game/StarterContent/Maps/UEDPIE_0_Minimal_Default.Minimal_Default (0.016923s)
[2020.09.28-17.44.32:171][126]LogUObjectHash: Compacting FUObjectHashTables data took   1.44ms
[2020.09.28-17.44.32:174][126]LogAudioMixer: Display: Audio Mixer Platform Settings:
[2020.09.28-17.44.32:175][126]LogAudioMixer: Display: 	Sample Rate:						  48000
[2020.09.28-17.44.32:175][126]LogAudioMixer: Display: 	Callback Buffer Frame Size Requested: 1024
[2020.09.28-17.44.32:175][126]LogAudioMixer: Display: 	Callback Buffer Frame Size To Use:	  1024
[2020.09.28-17.44.32:175][126]LogAudioMixer: Display: 	Number of buffers to queue:			  2
[2020.09.28-17.44.32:175][126]LogAudioMixer: Display: 	Max Channels (voices):				  32
[2020.09.28-17.44.32:175][126]LogAudioMixer: Display: 	Number of Async Source Workers:		  0
[2020.09.28-17.44.32:175][126]LogAudio: Display: AudioDevice MaxSources: 32
[2020.09.28-17.44.32:176][126]LogAudio: Display: Using built-in audio occlusion.
[2020.09.28-17.44.32:176][126]LogAudioMixer: Display: Initializing audio mixer.
[2020.09.28-17.44.32:183][126]LogAudioMixer: Display: 0: FrontLeft
[2020.09.28-17.44.32:184][126]LogAudioMixer: Display: 1: FrontRight
[2020.09.28-17.44.32:216][126]LogAudioMixer: Display: Using Audio Device Speakers (High Definition Audio Device)
[2020.09.28-17.44.32:217][126]LogAudioMixer: Display: Initializing Sound Submixes...
[2020.09.28-17.44.32:217][126]LogAudioMixer: Display: Creating Master Submix 'MasterSubmixDefault'
[2020.09.28-17.44.32:217][126]LogAudioMixer: Display: Creating Master Submix 'MasterReverbSubmixDefault'
[2020.09.28-17.44.32:219][126]LogAudioMixer: Display: Creating Master Submix 'MasterEQSubmixDefault'
[2020.09.28-17.44.32:235][126]LogInit: FAudioDevice initialized.
[2020.09.28-17.44.32:296][126]LogSlate: Updating window title bar state: overlay mode, drag disabled, window buttons hidden, title bar hidden
[2020.09.28-17.44.33:038][126]LogLoad: Game class is 'GM_FPSGameMode_C'
[2020.09.28-17.44.33:041][126]LogWorld: Bringing World /Game/StarterContent/Maps/UEDPIE_0_Minimal_Default.Minimal_Default up for play (max tick rate 0) at 2020.09.28-13.44.33
[2020.09.28-17.44.33:042][126]LogWorld: Bringing up level for play took: 0.002005
[2020.09.28-17.44.33:042][126]LogOnline: OSS: Creating online subsystem instance for: :Context_2
[2020.09.28-17.44.33:054][126]LogContentBrowser: Native class hierarchy updated for 'MovieSceneCapture' in 0.0006 seconds. Added 20 classes and 0 folders.
[2020.09.28-17.44.33:056][126]LogScript: Warning: Accessed None trying to read property FPS_Cam
	SAS_ABP_C /Game/StarterContent/Maps/UEDPIE_0_Minimal_Default.Minimal_Default:PersistentLevel.BP_Player_C_0.CharacterMesh0.SAS_ABP_C_0
	Function /Game/Player/Animations/SAS_ABP.SAS_ABP_C:ExecuteUbergraph_SAS_ABP:01B1
[2020.09.28-17.44.33:057][126]PIE: Error: Blueprint Runtime Error: "Accessed None trying to read property FPS_Cam". Blueprint:  SAS_ABP Function:  Execute Ubergraph SAS ABP Graph:  EventGraph Node:  Set CameraRot
[2020.09.28-17.44.33:071][126]PIE: Server logged in
[2020.09.28-17.44.33:072][126]PIE: Play in editor total start time 0.95 seconds.
[2020.09.28-17.44.33:153][127]LogRenderer: Reallocating scene render targets to support 1280x748 Format 10 NumSamples 1 (Frame:1).
[2020.09.28-17.44.45:911][ 74]LogSlate: Updating window title bar state: overlay mode, drag disabled, window buttons hidden, title bar hidden
[2020.09.28-17.44.45:911][ 74]LogWorld: BeginTearingDown for /Game/StarterContent/Maps/UEDPIE_0_Minimal_Default
[2020.09.28-17.44.45:912][ 74]LogSlate: Window 'Project_Maximus Preview [NetMode: Standalone] (64-bit/Windows) ' being destroyed
[2020.09.28-17.44.45:921][ 74]LogWorld: UWorld::CleanupWorld for Minimal_Default, bSessionEnded=true, bCleanupResources=true
[2020.09.28-17.44.45:922][ 74]LogSlate: InvalidateAllWidgets triggered.  All widgets were invalidated
[2020.09.28-17.44.45:935][ 74]LogPlayLevel: Display: Shutting down PIE online subsystems
[2020.09.28-17.44.45:939][ 74]LogSlate: InvalidateAllWidgets triggered.  All widgets were invalidated
[2020.09.28-17.44.45:981][ 74]LogAISub: UAISubsystem::~UAISubsystem EnvQueryManager (00000167A409CA00), frame # 1074
[2020.09.28-17.44.45:981][ 74]LogAISub: UAISubsystem::~UAISubsystem AIPerceptionSystem (0000016791056D40), frame # 1074
[2020.09.28-17.44.45:983][ 74]LogUObjectHash: Compacting FUObjectHashTables data took   1.61ms
[2020.09.28-17.44.46:154][ 74]LogSlate: Took 0.001365 seconds to synchronously load lazily loaded font '../../../Engine/Content/Slate/Fonts/DroidSansMono.ttf' (77K)
[2020.09.28-17.44.46:184][ 75]LogPlayLevel: Display: Destroying online subsystem :Context_2
[2020.09.28-17.44.49:242][377]LogAssetEditorSubsystem: Opening Asset editor for AnimBlueprint /Game/Player/Animations/SAS_ABP.SAS_ABP
[2020.09.28-17.44.49:271][377]LogContentBrowser: Native class hierarchy updated for 'SkeletonEditor' in 0.0008 seconds. Added 1 classes and 2 folders.
[2020.09.28-17.44.49:658][377]LogActorComponent: RegisterComponentWithWorld: (/Engine/Transient.World_5:PersistentLevel.AnimationEditorPreviewActor_0.DebugSkelMeshComponent_0) Already registered. Aborting.
[2020.09.28-17.44.49:675][377]LogContentBrowser: Native class hierarchy updated for 'PinnedCommandList' in 0.0004 seconds. Added 1 classes and 0 folders.
[2020.09.28-17.44.50:062][377]LogContentBrowser: Native class hierarchy updated for 'BlueprintGraph' in 0.0008 seconds. Added 125 classes and 0 folders.
[2020.09.28-17.44.51:985][377]LogSkeletalMesh: USkeletalMeshComponent::InitArticulated : Bodies already created (/Engine/Transient.World_5:PersistentLevel.AnimationEditorPreviewActor_0.DebugSkelMeshComponent_0) - call TermArticulated first.
[2020.09.28-17.44.52:689][377]LogSlate: Took 0.001776 seconds to synchronously load lazily loaded font '../../../Engine/Content/Slate/Fonts/Roboto-BoldCondensed.ttf' (158K)
[2020.09.28-17.44.52:841][377]LogContentBrowser: Verbose: The majority of assets in the view are of type: AnimSequence
[2020.09.28-17.44.52:878][378]LogSlate: Took 0.001732 seconds to synchronously load lazily loaded font '../../../Engine/Content/Slate/Fonts/Roboto-Italic.ttf' (157K)
[2020.09.28-17.44.57:283][431]LogSlate: Window 'Message Log' being destroyed
[2020.09.28-17.44.57:295][431]LogSlate: Window 'Message Log' being destroyed
